<?xml version="1.0" encoding="UTF-8"?>
<!-- Generated by org.testng.reporters.JUnitReportReporter -->
<testsuite skipped="0" hostname="DESKTOP-BLHDVQQ" name="com.vtiger.testScripts.CreateCampTest" tests="1" failures="0" timestamp="08 Mar 2020 08:15:44 GMT" time="19.364" errors="0">
  <testcase name="createCampgin" time="19.364" classname="com.vtiger.testScripts.CreateCampTest"/>
</testsuite> <!-- com.vtiger.testScripts.CreateCampTest -->
